{"name": "Test01: Verify Login Grafana", "status": "failed", "statusDetails": {"message": "AssertionError: Verify equals failed, Actual: Welcome to Grafana is not equals to expected: Welcome to Erez website", "trace": "self = <test_cases.test_web.Test_Web object at 0x000002A42D009180>\n\n    @allure.title('Test01: Verify Login Grafana')\n    @allure.description('this test verifies a successful login to grafana')\n    def test_verify_login(self):\n        WebFlows.login_flow(get_data('UserName'), get_data('Password'))\n>       WebFlows.verify_grafana_title('Welcome to Erez website')\n\ntest_cases\\test_web.py:16: \n_ _ _ _ _ _ _ _ _ _ _ _ _ _ _ _ _ _ _ _ _ _ _ _ _ _ _ _ _ _ _ _ _ _ _ _ _ _ _ _\nworkflows\\web_flows.py:26: in verify_grafana_title\n    Verifications.verify_equals(actual, expected)\n_ _ _ _ _ _ _ _ _ _ _ _ _ _ _ _ _ _ _ _ _ _ _ _ _ _ _ _ _ _ _ _ _ _ _ _ _ _ _ _\n\nactual = 'Welcome to Grafana', expected = 'Welcome to Erez website'\n\n    @staticmethod\n    @allure.step('verify equals')\n    def verify_equals(actual, expected):\n>       assert actual == expected, 'Verify equals failed, Actual: ' + str(actual) + ' is not equals to expected: ' + str(expected)\nE       AssertionError: Verify equals failed, Actual: Welcome to Grafana is not equals to expected: Welcome to Erez website\n\nextentions\\verifications.py:10: AssertionError"}, "description": "this test verifies a successful login to grafana", "steps": [{"name": "login to grafana flow", "status": "passed", "steps": [{"name": "updating text", "status": "passed", "parameters": [{"name": "elem", "value": "<selenium.webdriver.remote.webelement.WebElement (session=\"a64569b3f380798f63b6317b9ceb64a5\", element=\"f.BBE286298EEECDDD8FAA4763A6E3FFF4.d.CAD72C26C76789848018A67E60719047.e.3\")>"}, {"name": "value", "value": "'admin'"}], "start": 1750430754202, "stop": 1750430754268}, {"name": "updating text", "status": "passed", "parameters": [{"name": "elem", "value": "<selenium.webdriver.remote.webelement.WebElement (session=\"a64569b3f380798f63b6317b9ceb64a5\", element=\"f.BBE286298EEECDDD8FAA4763A6E3FFF4.d.CAD72C26C76789848018A67E60719047.e.5\")>"}, {"name": "value", "value": "'admin'"}], "start": 1750430754292, "stop": 1750430754442}, {"name": "click on element", "status": "passed", "parameters": [{"name": "elem", "value": "<selenium.webdriver.remote.webelement.WebElement (session=\"a64569b3f380798f63b6317b9ceb64a5\", element=\"f.BBE286298EEECDDD8FAA4763A6E3FFF4.d.CAD72C26C76789848018A67E60719047.e.9\")>"}], "start": 1750430754475, "stop": 1750430754657}, {"name": "click on element", "status": "passed", "parameters": [{"name": "elem", "value": "<selenium.webdriver.remote.webelement.WebElement (session=\"a64569b3f380798f63b6317b9ceb64a5\", element=\"f.BBE286298EEECDDD8FAA4763A6E3FFF4.d.CAD72C26C76789848018A67E60719047.e.20\")>"}], "start": 1750430754776, "stop": 1750430756413}], "parameters": [{"name": "user", "value": "'admin'"}, {"name": "password", "value": "'admin'"}], "start": 1750430754155, "stop": 1750430756413}, {"name": "verify grafana title flow", "status": "failed", "statusDetails": {"message": "AssertionError: Verify equals failed, Actual: Welcome to Grafana is not equals to expected: Welcome to Erez website\n", "trace": "  File \"C:\\Automation\\test_automation_infrastructure\\venv\\lib\\site-packages\\allure_commons\\_allure.py\", line 202, in impl\n    return func(*a, **kw)\n  File \"C:\\Automation\\test_automation_infrastructure\\workflows\\web_flows.py\", line 26, in verify_grafana_title\n    Verifications.verify_equals(actual, expected)\n  File \"C:\\Automation\\test_automation_infrastructure\\venv\\lib\\site-packages\\allure_commons\\_allure.py\", line 202, in impl\n    return func(*a, **kw)\n  File \"C:\\Automation\\test_automation_infrastructure\\extentions\\verifications.py\", line 10, in verify_equals\n    assert actual == expected, 'Verify equals failed, Actual: ' + str(actual) + ' is not equals to expected: ' + str(expected)\n"}, "steps": [{"name": "verify equals", "status": "failed", "statusDetails": {"message": "AssertionError: Verify equals failed, Actual: Welcome to Grafana is not equals to expected: Welcome to Erez website\n", "trace": "  File \"C:\\Automation\\test_automation_infrastructure\\venv\\lib\\site-packages\\allure_commons\\_allure.py\", line 202, in impl\n    return func(*a, **kw)\n  File \"C:\\Automation\\test_automation_infrastructure\\extentions\\verifications.py\", line 10, in verify_equals\n    assert actual == expected, 'Verify equals failed, Actual: ' + str(actual) + ' is not equals to expected: ' + str(expected)\n"}, "parameters": [{"name": "actual", "value": "'Welcome to Grafana'"}, {"name": "expected", "value": "'Welcome to Erez website'"}], "start": 1750430756516, "stop": 1750430756516}], "parameters": [{"name": "expected", "value": "'Welcome to Erez website'"}], "start": 1750430756413, "stop": 1750430756517}], "attachments": [{"source": "33eb5ad3-2f24-4cfe-a69b-7874877407a9-attachment.png", "type": "image/png"}], "start": 1750430754153, "stop": 1750430756532, "uuid": "0b2f3804-cbeb-41e4-b195-09a3be060752", "historyId": "7200bc534ad577f71e4ce0888f006b68", "testCaseId": "7200bc534ad577f71e4ce0888f006b68", "fullName": "test_cases.test_web.Test_Web#test_verify_login", "labels": [{"name": "tag", "value": "@pytest.mark.usefixtures('init_web_driver')"}, {"name": "parentSuite", "value": "test_cases"}, {"name": "suite", "value": "test_web"}, {"name": "subSuite", "value": "Test_Web"}, {"name": "host", "value": "Erez"}, {"name": "thread", "value": "17700-MainThread"}, {"name": "framework", "value": "pytest"}, {"name": "language", "value": "cpython3"}, {"name": "package", "value": "test_cases.test_web"}]}