{"name": "Test02: Arithmetic Actions ", "status": "failed", "statusDetails": {"message": "AssertionError: Verify equals failed, Actual: 924 is not equals to expected: 94", "trace": "self = <test_cases.test_desktop.Test_Desktop object at 0x000001CDFBCCD240>\n\n    @allure.title('Test02: Arithmetic Actions ')\n    @allure.description('This test does some arithmetics actions and verifies it')\n    def test_arithmetic_actions(self):\n        DesktopFlows.calculate_flow('72-16*66/4')\n>       Verifications.verify_equals(DesktopFlows.get_result_flow(), '94')\n\ntest_cases\\test_desktop.py:20: \n_ _ _ _ _ _ _ _ _ _ _ _ _ _ _ _ _ _ _ _ _ _ _ _ _ _ _ _ _ _ _ _ _ _ _ _ _ _ _ _\n\nactual = '924', expected = '94'\n\n    @staticmethod\n    @allure.step('verify equals')\n    def verify_equals(actual, expected):\n>       assert actual == expected, 'Verify equals failed, Actual: ' + str(actual) + ' is not equals to expected: ' + str(expected)\nE       AssertionError: Verify equals failed, Actual: 924 is not equals to expected: 94\n\nextentions\\verifications.py:10: AssertionError"}, "description": "This test does some arithmetics actions and verifies it", "steps": [{"name": "Calculate equation", "status": "passed", "steps": [{"name": "click on element", "status": "passed", "parameters": [{"name": "elem", "value": "<appium.webdriver.webelement.WebElement (session=\"0315042A-1A22-4781-8150-D1671EC3114D\", element=\"42.4263330.4.73\")>"}], "start": 1750429379485, "stop": 1750429379802}, {"name": "click on element", "status": "passed", "parameters": [{"name": "elem", "value": "<appium.webdriver.webelement.WebElement (session=\"0315042A-1A22-4781-8150-D1671EC3114D\", element=\"42.4263330.4.63\")>"}], "start": 1750429379940, "stop": 1750429380292}, {"name": "click on element", "status": "passed", "parameters": [{"name": "elem", "value": "<appium.webdriver.webelement.WebElement (session=\"0315042A-1A22-4781-8150-D1671EC3114D\", element=\"42.4263330.4.54\")>"}], "start": 1750429380449, "stop": 1750429380761}, {"name": "click on element", "status": "passed", "parameters": [{"name": "elem", "value": "<appium.webdriver.webelement.WebElement (session=\"0315042A-1A22-4781-8150-D1671EC3114D\", element=\"42.4263330.4.61\")>"}], "start": 1750429380903, "stop": 1750429381229}, {"name": "click on element", "status": "passed", "parameters": [{"name": "elem", "value": "<appium.webdriver.webelement.WebElement (session=\"0315042A-1A22-4781-8150-D1671EC3114D\", element=\"42.4263330.4.71\")>"}], "start": 1750429381396, "stop": 1750429381716}, {"name": "click on element", "status": "passed", "parameters": [{"name": "elem", "value": "<appium.webdriver.webelement.WebElement (session=\"0315042A-1A22-4781-8150-D1671EC3114D\", element=\"42.4263330.4.52\")>"}], "start": 1750429381875, "stop": 1750429382183}, {"name": "click on element", "status": "passed", "parameters": [{"name": "elem", "value": "<appium.webdriver.webelement.WebElement (session=\"0315042A-1A22-4781-8150-D1671EC3114D\", element=\"42.4263330.4.71\")>"}], "start": 1750429382353, "stop": 1750429382669}, {"name": "click on element", "status": "passed", "parameters": [{"name": "elem", "value": "<appium.webdriver.webelement.WebElement (session=\"0315042A-1A22-4781-8150-D1671EC3114D\", element=\"42.4263330.4.71\")>"}], "start": 1750429382813, "stop": 1750429383685}, {"name": "click on element", "status": "passed", "parameters": [{"name": "elem", "value": "<appium.webdriver.webelement.WebElement (session=\"0315042A-1A22-4781-8150-D1671EC3114D\", element=\"42.4263330.4.23\")>"}], "start": 1750429383833, "stop": 1750429384170}, {"name": "click on element", "status": "passed", "parameters": [{"name": "elem", "value": "<appium.webdriver.webelement.WebElement (session=\"0315042A-1A22-4781-8150-D1671EC3114D\", element=\"42.4263330.4.67\")>"}], "start": 1750429384321, "stop": 1750429384641}, {"name": "click on element", "status": "passed", "parameters": [{"name": "elem", "value": "<appium.webdriver.webelement.WebElement (session=\"0315042A-1A22-4781-8150-D1671EC3114D\", element=\"42.4263330.4.58\")>"}], "start": 1750429384782, "stop": 1750429385096}], "parameters": [{"name": "equation", "value": "'72-16*66/4'"}], "start": 1750429379352, "stop": 1750429385096}, {"name": "Get calculator result", "status": "passed", "start": 1750429385096, "stop": 1750429385516}, {"name": "verify equals", "status": "failed", "statusDetails": {"message": "AssertionError: Verify equals failed, Actual: 924 is not equals to expected: 94\n", "trace": "  File \"C:\\Automation\\test_automation_infrastructure\\venv\\lib\\site-packages\\allure_commons\\_allure.py\", line 202, in impl\n    return func(*a, **kw)\n  File \"C:\\Automation\\test_automation_infrastructure\\extentions\\verifications.py\", line 10, in verify_equals\n    assert actual == expected, 'Verify equals failed, Actual: ' + str(actual) + ' is not equals to expected: ' + str(expected)\n"}, "parameters": [{"name": "actual", "value": "'924'"}, {"name": "expected", "value": "'94'"}], "start": 1750429385516, "stop": 1750429385516}], "attachments": [{"source": "58fc1f27-33b4-4ea8-8f66-fb684d90cd2b-attachment.png", "type": "image/png"}], "start": 1750429379352, "stop": 1750429385533, "uuid": "a62267b9-415c-437f-9f7e-fd2a178ba2bf", "historyId": "4093a486c115a5e4c440b7ec1c57cbc4", "testCaseId": "4093a486c115a5e4c440b7ec1c57cbc4", "fullName": "test_cases.test_desktop.Test_Desktop#test_arithmetic_actions", "labels": [{"name": "tag", "value": "@pytest.mark.usefixtures('init_desktop_driver')"}, {"name": "parentSuite", "value": "test_cases"}, {"name": "suite", "value": "test_desktop"}, {"name": "subSuite", "value": "Test_Desktop"}, {"name": "host", "value": "Erez"}, {"name": "thread", "value": "24972-MainThread"}, {"name": "framework", "value": "pytest"}, {"name": "language", "value": "cpython3"}, {"name": "package", "value": "test_cases.test_desktop"}]}