{"name": "Test02: Add and Verify New Tasks", "status": "failed", "statusDetails": {"message": "AssertionError: Verify equals failed, Actual: 3 is not equals to expected: 2", "trace": "self = <test_cases.test_electron.Test_Electron object at 0x000001AFC2DC5960>\n\n    @allure.title('Test02: Add and Verify New Tasks')\n    @allure.description('This test adds a new tasks and verifies it in the list of tasks')\n    def test_add_and_verify_new_tasks(self):\n        ElectronFlows.add_new_task_flow('Learn Playwright')\n        ElectronFlows.add_new_task_flow('Learn JS')\n        ElectronFlows.add_new_task_flow('Learn C++')\n>       Verifications.verify_equals(ElectronFlows.get_number_of_tasks_flow(), 2)\n\ntest_cases\\test_electron.py:22: \n_ _ _ _ _ _ _ _ _ _ _ _ _ _ _ _ _ _ _ _ _ _ _ _ _ _ _ _ _ _ _ _ _ _ _ _ _ _ _ _\n\nactual = 3, expected = 2\n\n    @staticmethod\n    @allure.step('verify equals')\n    def verify_equals(actual, expected):\n>       assert actual == expected, 'Verify equals failed, Actual: ' + str(actual) + ' is not equals to expected: ' + str(expected)\nE       AssertionError: Verify equals failed, Actual: 3 is not equals to expected: 2\n\nextentions\\verifications.py:10: AssertionError"}, "description": "This test adds a new tasks and verifies it in the list of tasks", "steps": [{"name": "Add new task flow", "status": "passed", "steps": [{"name": "updating text", "status": "passed", "parameters": [{"name": "elem", "value": "<selenium.webdriver.remote.webelement.WebElement (session=\"b564bf5c6bccd85cae5d6b0182f7d80d\", element=\"0.021729636074938163-1\")>"}, {"name": "value", "value": "'Learn Playwright'"}], "start": 1750430333698, "stop": 1750430333792}, {"name": "updating text", "status": "passed", "parameters": [{"name": "elem", "value": "<selenium.webdriver.remote.webelement.WebElement (session=\"b564bf5c6bccd85cae5d6b0182f7d80d\", element=\"0.021729636074938163-1\")>"}, {"name": "value", "value": "''"}], "start": 1750430333798, "stop": 1750430333829}], "parameters": [{"name": "task_name", "value": "'Learn Playwright'"}], "start": 1750430333689, "stop": 1750430333829}, {"name": "Add new task flow", "status": "passed", "steps": [{"name": "updating text", "status": "passed", "parameters": [{"name": "elem", "value": "<selenium.webdriver.remote.webelement.WebElement (session=\"b564bf5c6bccd85cae5d6b0182f7d80d\", element=\"0.021729636074938163-1\")>"}, {"name": "value", "value": "'Learn JS'"}], "start": 1750430333838, "stop": 1750430333888}, {"name": "updating text", "status": "passed", "parameters": [{"name": "elem", "value": "<selenium.webdriver.remote.webelement.WebElement (session=\"b564bf5c6bccd85cae5d6b0182f7d80d\", element=\"0.021729636074938163-1\")>"}, {"name": "value", "value": "''"}], "start": 1750430333896, "stop": 1750430333922}], "parameters": [{"name": "task_name", "value": "'Learn JS'"}], "start": 1750430333829, "stop": 1750430333922}, {"name": "Add new task flow", "status": "passed", "steps": [{"name": "updating text", "status": "passed", "parameters": [{"name": "elem", "value": "<selenium.webdriver.remote.webelement.WebElement (session=\"b564bf5c6bccd85cae5d6b0182f7d80d\", element=\"0.021729636074938163-1\")>"}, {"name": "value", "value": "'Learn C++'"}], "start": 1750430333931, "stop": 1750430333991}, {"name": "updating text", "status": "passed", "parameters": [{"name": "elem", "value": "<selenium.webdriver.remote.webelement.WebElement (session=\"b564bf5c6bccd85cae5d6b0182f7d80d\", element=\"0.021729636074938163-1\")>"}, {"name": "value", "value": "''"}], "start": 1750430333999, "stop": 1750430334054}], "parameters": [{"name": "task_name", "value": "'Learn C++'"}], "start": 1750430333922, "stop": 1750430334054}, {"name": "Get number of tasks flow", "status": "passed", "start": 1750430334054, "stop": 1750430334066}, {"name": "verify equals", "status": "failed", "statusDetails": {"message": "AssertionError: Verify equals failed, Actual: 3 is not equals to expected: 2\n", "trace": "  File \"C:\\Automation\\test_automation_infrastructure\\venv\\lib\\site-packages\\allure_commons\\_allure.py\", line 202, in impl\n    return func(*a, **kw)\n  File \"C:\\Automation\\test_automation_infrastructure\\extentions\\verifications.py\", line 10, in verify_equals\n    assert actual == expected, 'Verify equals failed, Actual: ' + str(actual) + ' is not equals to expected: ' + str(expected)\n"}, "parameters": [{"name": "actual", "value": "3"}, {"name": "expected", "value": "2"}], "start": 1750430334066, "stop": 1750430334066}], "attachments": [{"source": "615eac38-0b59-4d69-a043-c4a3a4b611f5-attachment.png", "type": "image/png"}], "start": 1750430333688, "stop": 1750430334068, "uuid": "101f0f23-93d8-459b-874a-4312695a5a43", "historyId": "2cec880a72215d6cdecf3a6182e4b88a", "testCaseId": "2cec880a72215d6cdecf3a6182e4b88a", "fullName": "test_cases.test_electron.Test_Electron#test_add_and_verify_new_tasks", "labels": [{"name": "tag", "value": "@pytest.mark.usefixtures('init_electron_driver')"}, {"name": "parentSuite", "value": "test_cases"}, {"name": "suite", "value": "test_electron"}, {"name": "subSuite", "value": "Test_Electron"}, {"name": "host", "value": "Erez"}, {"name": "thread", "value": "18720-MainThread"}, {"name": "framework", "value": "pytest"}, {"name": "language", "value": "cpython3"}, {"name": "package", "value": "test_cases.test_electron"}]}