{"name": "Test01: Verify Mortgage Repayment", "status": "failed", "statusDetails": {"message": "AssertionError: Verify equals failed, Actual: £17.94 is not equals to expected: £20.94", "trace": "self = <test_cases.test_mobile.Test_Mobile object at 0x0000026C5858D1B0>\n\n    @allure.title('Test01: Verify Mortgage Repayment')\n    @allure.description('this test verifies the mortgage repayment')\n    def test_verify_repayment(self):\n        MobileFlows.mortgage_flow('1000', '5', '2.5', Save.No)\n>       MobileFlows.verify_mortgage_repayment('20.94')\n\ntest_cases\\test_mobile.py:14: \n_ _ _ _ _ _ _ _ _ _ _ _ _ _ _ _ _ _ _ _ _ _ _ _ _ _ _ _ _ _ _ _ _ _ _ _ _ _ _ _\nworkflows\\mobile_flows.py:24: in verify_mortgage_repayment\n    Verifications.verify_equals(actual, '£' + expected)\n_ _ _ _ _ _ _ _ _ _ _ _ _ _ _ _ _ _ _ _ _ _ _ _ _ _ _ _ _ _ _ _ _ _ _ _ _ _ _ _\n\nactual = '£17.94', expected = '£20.94'\n\n    @staticmethod\n    @allure.step('verify equals')\n    def verify_equals(actual, expected):\n>       assert actual == expected, 'Verify equals failed, Actual: ' + str(actual) + ' is not equals to expected: ' + str(expected)\nE       AssertionError: Verify equals failed, Actual: £17.94 is not equals to expected: £20.94\n\nextentions\\verifications.py:10: AssertionError"}, "description": "this test verifies the mortgage repayment", "steps": [{"name": "Fill in mortgage details flow", "status": "passed", "steps": [{"name": "updating text", "status": "passed", "parameters": [{"name": "elem", "value": "<appium.webdriver.webelement.WebElement (session=\"f6e819a6-87ff-4886-967c-1b45d5c5feda\", element=\"75\")>"}, {"name": "value", "value": "'1000'"}], "start": 1750431150483, "stop": 1750431150697}, {"name": "updating text", "status": "passed", "parameters": [{"name": "elem", "value": "<appium.webdriver.webelement.WebElement (session=\"f6e819a6-87ff-4886-967c-1b45d5c5feda\", element=\"76\")>"}, {"name": "value", "value": "'5'"}], "start": 1750431151305, "stop": 1750431151522}, {"name": "updating text", "status": "passed", "parameters": [{"name": "elem", "value": "<appium.webdriver.webelement.WebElement (session=\"f6e819a6-87ff-4886-967c-1b45d5c5feda\", element=\"77\")>"}, {"name": "value", "value": "'2.5'"}], "start": 1750431152159, "stop": 1750431152481}, {"name": "click on element", "status": "passed", "parameters": [{"name": "elem", "value": "<appium.webdriver.webelement.WebElement (session=\"f6e819a6-87ff-4886-967c-1b45d5c5feda\", element=\"78\")>"}], "start": 1750431153258, "stop": 1750431153501}], "parameters": [{"name": "amount", "value": "'1000'"}, {"name": "term", "value": "'5'"}, {"name": "rate", "value": "'2.5'"}, {"name": "save", "value": "False"}], "start": 1750431150156, "stop": 1750431153501}, {"name": "Verify repayment flow", "status": "failed", "statusDetails": {"message": "AssertionError: Verify equals failed, Actual: £17.94 is not equals to expected: £20.94\n", "trace": "  File \"C:\\Automation\\test_automation_infrastructure\\venv\\lib\\site-packages\\allure_commons\\_allure.py\", line 202, in impl\n    return func(*a, **kw)\n  File \"C:\\Automation\\test_automation_infrastructure\\workflows\\mobile_flows.py\", line 24, in verify_mortgage_repayment\n    Verifications.verify_equals(actual, '£' + expected)\n  File \"C:\\Automation\\test_automation_infrastructure\\venv\\lib\\site-packages\\allure_commons\\_allure.py\", line 202, in impl\n    return func(*a, **kw)\n  File \"C:\\Automation\\test_automation_infrastructure\\extentions\\verifications.py\", line 10, in verify_equals\n    assert actual == expected, 'Verify equals failed, Actual: ' + str(actual) + ' is not equals to expected: ' + str(expected)\n"}, "steps": [{"name": "verify equals", "status": "failed", "statusDetails": {"message": "AssertionError: Verify equals failed, Actual: £17.94 is not equals to expected: £20.94\n", "trace": "  File \"C:\\Automation\\test_automation_infrastructure\\venv\\lib\\site-packages\\allure_commons\\_allure.py\", line 202, in impl\n    return func(*a, **kw)\n  File \"C:\\Automation\\test_automation_infrastructure\\extentions\\verifications.py\", line 10, in verify_equals\n    assert actual == expected, 'Verify equals failed, Actual: ' + str(actual) + ' is not equals to expected: ' + str(expected)\n"}, "parameters": [{"name": "actual", "value": "'£17.94'"}, {"name": "expected", "value": "'£20.94'"}], "start": 1750431154426, "stop": 1750431154426}], "parameters": [{"name": "expected", "value": "'20.94'"}], "start": 1750431153501, "stop": 1750431154429}], "attachments": [{"source": "a3010438-9d9f-4595-a4d7-26a861f37c65-attachment.png", "type": "image/png"}], "start": 1750431150155, "stop": 1750431154445, "uuid": "326384b1-7148-428b-9f4e-6106dc658cf8", "historyId": "e196a53f9c86e8702189440f6f0943f6", "testCaseId": "e196a53f9c86e8702189440f6f0943f6", "fullName": "test_cases.test_mobile.Test_Mobile#test_verify_repayment", "labels": [{"name": "tag", "value": "@pytest.mark.usefixtures('init_mobile_driver')"}, {"name": "parentSuite", "value": "test_cases"}, {"name": "suite", "value": "test_mobile"}, {"name": "subSuite", "value": "Test_Mobile"}, {"name": "host", "value": "Erez"}, {"name": "thread", "value": "25244-MainThread"}, {"name": "framework", "value": "pytest"}, {"name": "language", "value": "cpython3"}, {"name": "package", "value": "test_cases.test_mobile"}]}