{"uid":"2989de0c5320ba3a","name":"Test01: Verify Login Grafana","fullName":"test_cases.test_web.Test_Web#test_verify_login","historyId":"7200bc534ad577f71e4ce0888f006b68","time":{"start":1750430754153,"stop":1750430756532,"duration":2379},"description":"this test verifies a successful login to grafana","descriptionHtml":"<p>this test verifies a successful login to grafana</p>\n","status":"failed","statusMessage":"AssertionError: Verify equals failed, Actual: Welcome to Grafana is not equals to expected: Welcome to Erez website","statusTrace":"self = <test_cases.test_web.Test_Web object at 0x000002A42D009180>\n\n    @allure.title('Test01: Verify Login Grafana')\n    @allure.description('this test verifies a successful login to grafana')\n    def test_verify_login(self):\n        WebFlows.login_flow(get_data('UserName'), get_data('Password'))\n>       WebFlows.verify_grafana_title('Welcome to Erez website')\n\ntest_cases\\test_web.py:16: \n_ _ _ _ _ _ _ _ _ _ _ _ _ _ _ _ _ _ _ _ _ _ _ _ _ _ _ _ _ _ _ _ _ _ _ _ _ _ _ _\nworkflows\\web_flows.py:26: in verify_grafana_title\n    Verifications.verify_equals(actual, expected)\n_ _ _ _ _ _ _ _ _ _ _ _ _ _ _ _ _ _ _ _ _ _ _ _ _ _ _ _ _ _ _ _ _ _ _ _ _ _ _ _\n\nactual = 'Welcome to Grafana', expected = 'Welcome to Erez website'\n\n    @staticmethod\n    @allure.step('verify equals')\n    def verify_equals(actual, expected):\n>       assert actual == expected, 'Verify equals failed, Actual: ' + str(actual) + ' is not equals to expected: ' + str(expected)\nE       AssertionError: Verify equals failed, Actual: Welcome to Grafana is not equals to expected: Welcome to Erez website\n\nextentions\\verifications.py:10: AssertionError","flaky":false,"newFailed":false,"newBroken":false,"newPassed":false,"retriesCount":0,"retriesStatusChange":false,"beforeStages":[{"name":"init_web_driver","time":{"start":1750430744979,"stop":1750430754152,"duration":9173},"status":"passed","steps":[],"attachments":[],"parameters":[],"stepsCount":0,"attachmentStep":false,"attachmentsCount":0,"shouldDisplayMessage":false,"hasContent":false},{"name":"_xunit_setup_method_fixture_Test_Web","time":{"start":1750430754152,"stop":1750430754152,"duration":0},"status":"passed","steps":[],"attachments":[],"parameters":[],"stepsCount":0,"attachmentStep":false,"attachmentsCount":0,"shouldDisplayMessage":false,"hasContent":false}],"testStage":{"description":"this test verifies a successful login to grafana","status":"failed","statusMessage":"AssertionError: Verify equals failed, Actual: Welcome to Grafana is not equals to expected: Welcome to Erez website","statusTrace":"self = <test_cases.test_web.Test_Web object at 0x000002A42D009180>\n\n    @allure.title('Test01: Verify Login Grafana')\n    @allure.description('this test verifies a successful login to grafana')\n    def test_verify_login(self):\n        WebFlows.login_flow(get_data('UserName'), get_data('Password'))\n>       WebFlows.verify_grafana_title('Welcome to Erez website')\n\ntest_cases\\test_web.py:16: \n_ _ _ _ _ _ _ _ _ _ _ _ _ _ _ _ _ _ _ _ _ _ _ _ _ _ _ _ _ _ _ _ _ _ _ _ _ _ _ _\nworkflows\\web_flows.py:26: in verify_grafana_title\n    Verifications.verify_equals(actual, expected)\n_ _ _ _ _ _ _ _ _ _ _ _ _ _ _ _ _ _ _ _ _ _ _ _ _ _ _ _ _ _ _ _ _ _ _ _ _ _ _ _\n\nactual = 'Welcome to Grafana', expected = 'Welcome to Erez website'\n\n    @staticmethod\n    @allure.step('verify equals')\n    def verify_equals(actual, expected):\n>       assert actual == expected, 'Verify equals failed, Actual: ' + str(actual) + ' is not equals to expected: ' + str(expected)\nE       AssertionError: Verify equals failed, Actual: Welcome to Grafana is not equals to expected: Welcome to Erez website\n\nextentions\\verifications.py:10: AssertionError","steps":[{"name":"login to grafana flow","time":{"start":1750430754155,"stop":1750430756413,"duration":2258},"status":"passed","steps":[{"name":"updating text","time":{"start":1750430754202,"stop":1750430754268,"duration":66},"status":"passed","steps":[],"attachments":[],"parameters":[{"name":"elem","value":"<selenium.webdriver.remote.webelement.WebElement (session=\"a64569b3f380798f63b6317b9ceb64a5\", element=\"f.BBE286298EEECDDD8FAA4763A6E3FFF4.d.CAD72C26C76789848018A67E60719047.e.3\")>"},{"name":"value","value":"'admin'"}],"stepsCount":0,"attachmentStep":false,"attachmentsCount":0,"shouldDisplayMessage":false,"hasContent":true},{"name":"updating text","time":{"start":1750430754292,"stop":1750430754442,"duration":150},"status":"passed","steps":[],"attachments":[],"parameters":[{"name":"elem","value":"<selenium.webdriver.remote.webelement.WebElement (session=\"a64569b3f380798f63b6317b9ceb64a5\", element=\"f.BBE286298EEECDDD8FAA4763A6E3FFF4.d.CAD72C26C76789848018A67E60719047.e.5\")>"},{"name":"value","value":"'admin'"}],"stepsCount":0,"attachmentStep":false,"attachmentsCount":0,"shouldDisplayMessage":false,"hasContent":true},{"name":"click on element","time":{"start":1750430754475,"stop":1750430754657,"duration":182},"status":"passed","steps":[],"attachments":[],"parameters":[{"name":"elem","value":"<selenium.webdriver.remote.webelement.WebElement (session=\"a64569b3f380798f63b6317b9ceb64a5\", element=\"f.BBE286298EEECDDD8FAA4763A6E3FFF4.d.CAD72C26C76789848018A67E60719047.e.9\")>"}],"stepsCount":0,"attachmentStep":false,"attachmentsCount":0,"shouldDisplayMessage":false,"hasContent":true},{"name":"click on element","time":{"start":1750430754776,"stop":1750430756413,"duration":1637},"status":"passed","steps":[],"attachments":[],"parameters":[{"name":"elem","value":"<selenium.webdriver.remote.webelement.WebElement (session=\"a64569b3f380798f63b6317b9ceb64a5\", element=\"f.BBE286298EEECDDD8FAA4763A6E3FFF4.d.CAD72C26C76789848018A67E60719047.e.20\")>"}],"stepsCount":0,"attachmentStep":false,"attachmentsCount":0,"shouldDisplayMessage":false,"hasContent":true}],"attachments":[],"parameters":[{"name":"user","value":"'admin'"},{"name":"password","value":"'admin'"}],"stepsCount":4,"attachmentStep":false,"attachmentsCount":0,"shouldDisplayMessage":false,"hasContent":true},{"name":"verify grafana title flow","time":{"start":1750430756413,"stop":1750430756517,"duration":104},"status":"failed","statusMessage":"AssertionError: Verify equals failed, Actual: Welcome to Grafana is not equals to expected: Welcome to Erez website\n","statusTrace":"  File \"C:\\Automation\\test_automation_infrastructure\\venv\\lib\\site-packages\\allure_commons\\_allure.py\", line 202, in impl\n    return func(*a, **kw)\n  File \"C:\\Automation\\test_automation_infrastructure\\workflows\\web_flows.py\", line 26, in verify_grafana_title\n    Verifications.verify_equals(actual, expected)\n  File \"C:\\Automation\\test_automation_infrastructure\\venv\\lib\\site-packages\\allure_commons\\_allure.py\", line 202, in impl\n    return func(*a, **kw)\n  File \"C:\\Automation\\test_automation_infrastructure\\extentions\\verifications.py\", line 10, in verify_equals\n    assert actual == expected, 'Verify equals failed, Actual: ' + str(actual) + ' is not equals to expected: ' + str(expected)\n","steps":[{"name":"verify equals","time":{"start":1750430756516,"stop":1750430756516,"duration":0},"status":"failed","statusMessage":"AssertionError: Verify equals failed, Actual: Welcome to Grafana is not equals to expected: Welcome to Erez website\n","statusTrace":"  File \"C:\\Automation\\test_automation_infrastructure\\venv\\lib\\site-packages\\allure_commons\\_allure.py\", line 202, in impl\n    return func(*a, **kw)\n  File \"C:\\Automation\\test_automation_infrastructure\\extentions\\verifications.py\", line 10, in verify_equals\n    assert actual == expected, 'Verify equals failed, Actual: ' + str(actual) + ' is not equals to expected: ' + str(expected)\n","steps":[],"attachments":[],"parameters":[{"name":"actual","value":"'Welcome to Grafana'"},{"name":"expected","value":"'Welcome to Erez website'"}],"stepsCount":0,"attachmentStep":false,"attachmentsCount":0,"shouldDisplayMessage":true,"hasContent":true}],"attachments":[],"parameters":[{"name":"expected","value":"'Welcome to Erez website'"}],"stepsCount":1,"attachmentStep":false,"attachmentsCount":0,"shouldDisplayMessage":false,"hasContent":true}],"attachments":[{"uid":"f2b50550dfa5fc2c","name":"33eb5ad3-2f24-4cfe-a69b-7874877407a9-attachment.png","source":"f2b50550dfa5fc2c.png","type":"image/png","size":86842}],"parameters":[],"stepsCount":7,"attachmentStep":false,"attachmentsCount":1,"shouldDisplayMessage":true,"hasContent":true},"afterStages":[{"name":"_xunit_setup_method_fixture_Test_Web::0","time":{"start":1750430757018,"stop":1750430757655,"duration":637},"status":"passed","steps":[{"name":"go to home flow","time":{"start":1750430757018,"stop":1750430757655,"duration":637},"status":"passed","steps":[],"attachments":[],"parameters":[],"stepsCount":0,"attachmentStep":false,"attachmentsCount":0,"shouldDisplayMessage":false,"hasContent":false}],"attachments":[],"parameters":[],"stepsCount":1,"attachmentStep":false,"attachmentsCount":0,"shouldDisplayMessage":false,"hasContent":true},{"name":"init_web_driver::0","time":{"start":1750430774703,"stop":1750430776956,"duration":2253},"status":"passed","steps":[],"attachments":[],"parameters":[],"stepsCount":0,"attachmentStep":false,"attachmentsCount":0,"shouldDisplayMessage":false,"hasContent":false}],"labels":[{"name":"tag","value":"@pytest.mark.usefixtures('init_web_driver')"},{"name":"parentSuite","value":"test_cases"},{"name":"suite","value":"test_web"},{"name":"subSuite","value":"Test_Web"},{"name":"host","value":"Erez"},{"name":"thread","value":"17700-MainThread"},{"name":"framework","value":"pytest"},{"name":"language","value":"cpython3"},{"name":"package","value":"test_cases.test_web"},{"name":"resultFormat","value":"allure2"}],"parameters":[],"links":[],"hidden":true,"retry":true,"extra":{"categories":[],"tags":["@pytest.mark.usefixtures('init_web_driver')"]},"source":"2989de0c5320ba3a.json","parameterValues":[]}