{"uid":"3be0887c5803f6e1","name":"Test01: Verify Mortgage Repayment","fullName":"test_cases.test_mobile.Test_Mobile#test_verify_repayment","historyId":"e196a53f9c86e8702189440f6f0943f6","time":{"start":1750431150155,"stop":1750431154445,"duration":4290},"description":"this test verifies the mortgage repayment","descriptionHtml":"<p>this test verifies the mortgage repayment</p>\n","status":"failed","statusMessage":"AssertionError: Verify equals failed, Actual: £17.94 is not equals to expected: £20.94","statusTrace":"self = <test_cases.test_mobile.Test_Mobile object at 0x0000026C5858D1B0>\n\n    @allure.title('Test01: Verify Mortgage Repayment')\n    @allure.description('this test verifies the mortgage repayment')\n    def test_verify_repayment(self):\n        MobileFlows.mortgage_flow('1000', '5', '2.5', Save.No)\n>       MobileFlows.verify_mortgage_repayment('20.94')\n\ntest_cases\\test_mobile.py:14: \n_ _ _ _ _ _ _ _ _ _ _ _ _ _ _ _ _ _ _ _ _ _ _ _ _ _ _ _ _ _ _ _ _ _ _ _ _ _ _ _\nworkflows\\mobile_flows.py:24: in verify_mortgage_repayment\n    Verifications.verify_equals(actual, '£' + expected)\n_ _ _ _ _ _ _ _ _ _ _ _ _ _ _ _ _ _ _ _ _ _ _ _ _ _ _ _ _ _ _ _ _ _ _ _ _ _ _ _\n\nactual = '£17.94', expected = '£20.94'\n\n    @staticmethod\n    @allure.step('verify equals')\n    def verify_equals(actual, expected):\n>       assert actual == expected, 'Verify equals failed, Actual: ' + str(actual) + ' is not equals to expected: ' + str(expected)\nE       AssertionError: Verify equals failed, Actual: £17.94 is not equals to expected: £20.94\n\nextentions\\verifications.py:10: AssertionError","flaky":false,"newFailed":false,"newBroken":false,"newPassed":false,"retriesCount":0,"retriesStatusChange":false,"beforeStages":[{"name":"init_mobile_driver","time":{"start":1750431141231,"stop":1750431150155,"duration":8924},"status":"passed","steps":[],"attachments":[],"parameters":[],"stepsCount":0,"attachmentStep":false,"attachmentsCount":0,"shouldDisplayMessage":false,"hasContent":false}],"testStage":{"description":"this test verifies the mortgage repayment","status":"failed","statusMessage":"AssertionError: Verify equals failed, Actual: £17.94 is not equals to expected: £20.94","statusTrace":"self = <test_cases.test_mobile.Test_Mobile object at 0x0000026C5858D1B0>\n\n    @allure.title('Test01: Verify Mortgage Repayment')\n    @allure.description('this test verifies the mortgage repayment')\n    def test_verify_repayment(self):\n        MobileFlows.mortgage_flow('1000', '5', '2.5', Save.No)\n>       MobileFlows.verify_mortgage_repayment('20.94')\n\ntest_cases\\test_mobile.py:14: \n_ _ _ _ _ _ _ _ _ _ _ _ _ _ _ _ _ _ _ _ _ _ _ _ _ _ _ _ _ _ _ _ _ _ _ _ _ _ _ _\nworkflows\\mobile_flows.py:24: in verify_mortgage_repayment\n    Verifications.verify_equals(actual, '£' + expected)\n_ _ _ _ _ _ _ _ _ _ _ _ _ _ _ _ _ _ _ _ _ _ _ _ _ _ _ _ _ _ _ _ _ _ _ _ _ _ _ _\n\nactual = '£17.94', expected = '£20.94'\n\n    @staticmethod\n    @allure.step('verify equals')\n    def verify_equals(actual, expected):\n>       assert actual == expected, 'Verify equals failed, Actual: ' + str(actual) + ' is not equals to expected: ' + str(expected)\nE       AssertionError: Verify equals failed, Actual: £17.94 is not equals to expected: £20.94\n\nextentions\\verifications.py:10: AssertionError","steps":[{"name":"Fill in mortgage details flow","time":{"start":1750431150156,"stop":1750431153501,"duration":3345},"status":"passed","steps":[{"name":"updating text","time":{"start":1750431150483,"stop":1750431150697,"duration":214},"status":"passed","steps":[],"attachments":[],"parameters":[{"name":"elem","value":"<appium.webdriver.webelement.WebElement (session=\"f6e819a6-87ff-4886-967c-1b45d5c5feda\", element=\"75\")>"},{"name":"value","value":"'1000'"}],"stepsCount":0,"attachmentStep":false,"attachmentsCount":0,"shouldDisplayMessage":false,"hasContent":true},{"name":"updating text","time":{"start":1750431151305,"stop":1750431151522,"duration":217},"status":"passed","steps":[],"attachments":[],"parameters":[{"name":"elem","value":"<appium.webdriver.webelement.WebElement (session=\"f6e819a6-87ff-4886-967c-1b45d5c5feda\", element=\"76\")>"},{"name":"value","value":"'5'"}],"stepsCount":0,"attachmentStep":false,"attachmentsCount":0,"shouldDisplayMessage":false,"hasContent":true},{"name":"updating text","time":{"start":1750431152159,"stop":1750431152481,"duration":322},"status":"passed","steps":[],"attachments":[],"parameters":[{"name":"elem","value":"<appium.webdriver.webelement.WebElement (session=\"f6e819a6-87ff-4886-967c-1b45d5c5feda\", element=\"77\")>"},{"name":"value","value":"'2.5'"}],"stepsCount":0,"attachmentStep":false,"attachmentsCount":0,"shouldDisplayMessage":false,"hasContent":true},{"name":"click on element","time":{"start":1750431153258,"stop":1750431153501,"duration":243},"status":"passed","steps":[],"attachments":[],"parameters":[{"name":"elem","value":"<appium.webdriver.webelement.WebElement (session=\"f6e819a6-87ff-4886-967c-1b45d5c5feda\", element=\"78\")>"}],"stepsCount":0,"attachmentStep":false,"attachmentsCount":0,"shouldDisplayMessage":false,"hasContent":true}],"attachments":[],"parameters":[{"name":"amount","value":"'1000'"},{"name":"term","value":"'5'"},{"name":"rate","value":"'2.5'"},{"name":"save","value":"False"}],"stepsCount":4,"attachmentStep":false,"attachmentsCount":0,"shouldDisplayMessage":false,"hasContent":true},{"name":"Verify repayment flow","time":{"start":1750431153501,"stop":1750431154429,"duration":928},"status":"failed","statusMessage":"AssertionError: Verify equals failed, Actual: £17.94 is not equals to expected: £20.94\n","statusTrace":"  File \"C:\\Automation\\test_automation_infrastructure\\venv\\lib\\site-packages\\allure_commons\\_allure.py\", line 202, in impl\n    return func(*a, **kw)\n  File \"C:\\Automation\\test_automation_infrastructure\\workflows\\mobile_flows.py\", line 24, in verify_mortgage_repayment\n    Verifications.verify_equals(actual, '£' + expected)\n  File \"C:\\Automation\\test_automation_infrastructure\\venv\\lib\\site-packages\\allure_commons\\_allure.py\", line 202, in impl\n    return func(*a, **kw)\n  File \"C:\\Automation\\test_automation_infrastructure\\extentions\\verifications.py\", line 10, in verify_equals\n    assert actual == expected, 'Verify equals failed, Actual: ' + str(actual) + ' is not equals to expected: ' + str(expected)\n","steps":[{"name":"verify equals","time":{"start":1750431154426,"stop":1750431154426,"duration":0},"status":"failed","statusMessage":"AssertionError: Verify equals failed, Actual: £17.94 is not equals to expected: £20.94\n","statusTrace":"  File \"C:\\Automation\\test_automation_infrastructure\\venv\\lib\\site-packages\\allure_commons\\_allure.py\", line 202, in impl\n    return func(*a, **kw)\n  File \"C:\\Automation\\test_automation_infrastructure\\extentions\\verifications.py\", line 10, in verify_equals\n    assert actual == expected, 'Verify equals failed, Actual: ' + str(actual) + ' is not equals to expected: ' + str(expected)\n","steps":[],"attachments":[],"parameters":[{"name":"actual","value":"'£17.94'"},{"name":"expected","value":"'£20.94'"}],"stepsCount":0,"attachmentStep":false,"attachmentsCount":0,"shouldDisplayMessage":true,"hasContent":true}],"attachments":[],"parameters":[{"name":"expected","value":"'20.94'"}],"stepsCount":1,"attachmentStep":false,"attachmentsCount":0,"shouldDisplayMessage":false,"hasContent":true}],"attachments":[{"uid":"1509e29496cec5bb","name":"a3010438-9d9f-4595-a4d7-26a861f37c65-attachment.png","source":"1509e29496cec5bb.png","type":"image/png","size":265193}],"parameters":[],"stepsCount":7,"attachmentStep":false,"attachmentsCount":1,"shouldDisplayMessage":true,"hasContent":true},"afterStages":[{"name":"init_mobile_driver::0","time":{"start":1750431162619,"stop":1750431166119,"duration":3500},"status":"passed","steps":[],"attachments":[],"parameters":[],"stepsCount":0,"attachmentStep":false,"attachmentsCount":0,"shouldDisplayMessage":false,"hasContent":false}],"labels":[{"name":"tag","value":"@pytest.mark.usefixtures('init_mobile_driver')"},{"name":"parentSuite","value":"test_cases"},{"name":"suite","value":"test_mobile"},{"name":"subSuite","value":"Test_Mobile"},{"name":"host","value":"Erez"},{"name":"thread","value":"25244-MainThread"},{"name":"framework","value":"pytest"},{"name":"language","value":"cpython3"},{"name":"package","value":"test_cases.test_mobile"},{"name":"resultFormat","value":"allure2"}],"parameters":[],"links":[],"hidden":true,"retry":true,"extra":{"categories":[],"tags":["@pytest.mark.usefixtures('init_mobile_driver')"]},"source":"3be0887c5803f6e1.json","parameterValues":[]}